<?xml version="1.0" encoding="UTF-8"?>
<testsuite xmlns:xsi="http://www.w3.org/2001/XMLSchema-instance" xsi:noNamespaceSchemaLocation="https://maven.apache.org/surefire/maven-surefire-plugin/xsd/surefire-test-report-3.0.xsd" version="3.0" name="example.task1Test.OutputHiInMavenConsoleTest" time="0.119" tests="1" errors="0" skipped="0" failures="0">
  <properties>
[...]
</properties>
  <testcase name="testOutputHi" classname="example.task1Test.OutputHiInMavenConsoleTest" time="0.082">
    <system-out><![CDATA[Привет!
]]></system-out>
  </testcase>
</testsuite>